#
# There is insufficient memory for the Java Runtime Environment to continue.
# Native memory allocation (mmap) failed to map 71303168 bytes for G1 virtual space
# Possible reasons:
#   The system is out of physical RAM or swap space
#   The process is running with CompressedOops enabled, and the Java Heap may be blocking the growth of the native heap
# Possible solutions:
#   Reduce memory load on the system
#   Increase physical memory or swap space
#   Check if swap backing store is full
#   Decrease Java heap size (-Xmx/-Xms)
#   Decrease number of Java threads
#   Decrease Java thread stack sizes (-Xss)
#   Set larger code cache with -XX:ReservedCodeCacheSize=
#   JVM is running with Unscaled Compressed Oops mode in which the Java heap is
#     placed in the first 4GB address space. The Java Heap base address is the
#     maximum limit for the native heap growth. Please use -XX:HeapBaseMinAddress
#     to set the Java Heap base and to place the Java Heap above 4GB virtual address.
# This output file may be truncated or incomplete.
#
#  Out of Memory Error (os_windows.cpp:3532), pid=13812, tid=16440
#
# JRE version: Java(TM) SE Runtime Environment (17.0.2+8) (build 17.0.2+8-LTS-86)
# Java VM: Java HotSpot(TM) 64-Bit Server VM (17.0.2+8-LTS-86, mixed mode, sharing, tiered, compressed oops, compressed class ptrs, g1 gc, windows-amd64)
# No core dump will be written. Minidumps are not enabled by default on client versions of Windows
#

---------------  S U M M A R Y ------------

Command Line: -agentlib:jdwp=transport=dt_socket,address=127.0.0.1:59636,suspend=y,server=n -javaagent:C:\Users\HP\AppData\Local\JetBrains\IdeaIC2023.1\captureAgent\debugger-agent.jar -Dfile.encoding=UTF-8 com.lcwd.store.ElectroStoreApplication

Host: Intel(R) Core(TM) i5-8250U CPU @ 1.60GHz, 8 cores, 7G,  Windows 11 , 64 bit Build 22621 (10.0.22621.3085)
Time: Sun Apr 14 14:28:03 2024 India Standard Time elapsed time: 237446.306028 seconds (2d 17h 57m 26s)

---------------  T H R E A D  ---------------

Current thread (0x0000022270eac520):  VMThread "VM Thread" [stack: 0x0000009c6db00000,0x0000009c6dc00000] [id=16440]

Stack: [0x0000009c6db00000,0x0000009c6dc00000]
Native frames: (J=compiled Java code, j=interpreted, Vv=VM code, C=native code)
V  [jvm.dll+0x670baa]
V  [jvm.dll+0x7cfcb4]
V  [jvm.dll+0x7d145e]
V  [jvm.dll+0x7d1ac3]
V  [jvm.dll+0x242bc5]
V  [jvm.dll+0x66dac9]
V  [jvm.dll+0x662412]
V  [jvm.dll+0x300c0b]
V  [jvm.dll+0x3081a6]
V  [jvm.dll+0x357d0e]
V  [jvm.dll+0x357f3f]
V  [jvm.dll+0x2d7ec8]
V  [jvm.dll+0x2d6194]
V  [jvm.dll+0x2d579c]
V  [jvm.dll+0x3190eb]
V  [jvm.dll+0x7d5f9b]
V  [jvm.dll+0x7d6cd4]
V  [jvm.dll+0x7d71ec]
V  [jvm.dll+0x7d75c4]
V  [jvm.dll+0x7d7690]
V  [jvm.dll+0x77ff7a]
V  [jvm.dll+0x66fa35]
C  [ucrtbase.dll+0x29363]
C  [KERNEL32.DLL+0x1257d]
C  [ntdll.dll+0x5aa58]

VM_Operation (0x0000009c6f4fc470): G1CollectForAllocation, mode: safepoint, requested by thread 0x000002227aa7d8c0


---------------  P R O C E S S  ---------------

Threads class SMR info:
_java_thread_list=0x0000022275f75750, length=21, elements={
0x0000022270eb0110, 0x0000022270eb0f80, 0x0000022270ec1aa0, 0x0000022270ec2650,
0x0000022270ec6520, 0x0000022270ec6ed0, 0x0000022270ecb570, 0x0000022270ed5030,
0x0000022270ee2560, 0x00000222719a6a40, 0x0000022271a44d10, 0x0000022271ae7810,
0x0000022271aea0a0, 0x0000022271b39310, 0x0000022272651850, 0x000002227aa7c0b0,
0x000002227aa7dd90, 0x00000222777251c0, 0x00000222726521f0, 0x000002227aa80410,
0x000002227aa7d8c0
}

Java Threads: ( => current thread )
  0x0000022270eb0110 JavaThread "Reference Handler" daemon [_thread_blocked, id=25956, stack(0x0000009c6dc00000,0x0000009c6dd00000)]
  0x0000022270eb0f80 JavaThread "Finalizer" daemon [_thread_blocked, id=24368, stack(0x0000009c6dd00000,0x0000009c6de00000)]
  0x0000022270ec1aa0 JavaThread "Signal Dispatcher" daemon [_thread_blocked, id=14420, stack(0x0000009c6de00000,0x0000009c6df00000)]
  0x0000022270ec2650 JavaThread "Attach Listener" daemon [_thread_blocked, id=24092, stack(0x0000009c6df00000,0x0000009c6e000000)]
  0x0000022270ec6520 JavaThread "Service Thread" daemon [_thread_blocked, id=7788, stack(0x0000009c6e000000,0x0000009c6e100000)]
  0x0000022270ec6ed0 JavaThread "Monitor Deflation Thread" daemon [_thread_blocked, id=12728, stack(0x0000009c6e100000,0x0000009c6e200000)]
  0x0000022270ecb570 JavaThread "C2 CompilerThread0" daemon [_thread_blocked, id=27672, stack(0x0000009c6e200000,0x0000009c6e300000)]
  0x0000022270ed5030 JavaThread "C1 CompilerThread0" daemon [_thread_blocked, id=19788, stack(0x0000009c6e300000,0x0000009c6e400000)]
  0x0000022270ee2560 JavaThread "Sweeper thread" daemon [_thread_blocked, id=27472, stack(0x0000009c6e400000,0x0000009c6e500000)]
  0x00000222719a6a40 JavaThread "Common-Cleaner" daemon [_thread_blocked, id=2392, stack(0x0000009c6e500000,0x0000009c6e600000)]
  0x0000022271a44d10 JavaThread "JDWP Transport Listener: dt_socket" daemon [_thread_blocked, id=10660, stack(0x0000009c6e600000,0x0000009c6e700000)]
  0x0000022271ae7810 JavaThread "JDWP Event Helper Thread" daemon [_thread_blocked, id=7880, stack(0x0000009c6e700000,0x0000009c6e800000)]
  0x0000022271aea0a0 JavaThread "JDWP Command Reader" daemon [_thread_in_native, id=27644, stack(0x0000009c6e800000,0x0000009c6e900000)]
  0x0000022271b39310 JavaThread "Notification Thread" daemon [_thread_blocked, id=14348, stack(0x0000009c6e900000,0x0000009c6ea00000)]
  0x0000022272651850 JavaThread "mysql-cj-abandoned-connection-cleanup" daemon [_thread_blocked, id=6188, stack(0x0000009c6f700000,0x0000009c6f800000)]
  0x000002227aa7c0b0 JavaThread "pool-2-thread-1" [_thread_blocked, id=12148, stack(0x0000009c6fd00000,0x0000009c6fe00000)]
  0x000002227aa7dd90 JavaThread "Live Reload Server" daemon [_thread_in_native, id=28552, stack(0x0000009c70400000,0x0000009c70500000)]
  0x00000222777251c0 JavaThread "DestroyJavaVM" [_thread_blocked, id=6220, stack(0x0000009c6d500000,0x0000009c6d600000)]
  0x00000222726521f0 JavaThread "Thread-5" [_thread_blocked, id=22024, stack(0x0000009c6d200000,0x0000009c6d300000)]
  0x000002227aa80410 JavaThread "File Watcher" daemon [_thread_blocked, id=21548, stack(0x0000009c6d400000,0x0000009c6d500000)]
  0x000002227aa7d8c0 JavaThread "restartedMain" [_thread_blocked, id=2716, stack(0x0000009c6f400000,0x0000009c6f500000)]

Other Threads:
=>0x0000022270eac520 VMThread "VM Thread" [stack: 0x0000009c6db00000,0x0000009c6dc00000] [id=16440]
  0x0000022252e4a030 WatcherThread [stack: 0x0000009c6ea00000,0x0000009c6eb00000] [id=24528]
  0x0000022252e24250 GCTaskThread "GC Thread#0" [stack: 0x0000009c6d600000,0x0000009c6d700000] [id=13480]
  0x00000222720efc50 GCTaskThread "GC Thread#1" [stack: 0x0000009c6eb00000,0x0000009c6ec00000] [id=20484]
  0x00000222725947f0 GCTaskThread "GC Thread#2" [stack: 0x0000009c6ec00000,0x0000009c6ed00000] [id=22916]
  0x0000022272641070 GCTaskThread "GC Thread#3" [stack: 0x0000009c6ed00000,0x0000009c6ee00000] [id=12796]
  0x0000022272601460 GCTaskThread "GC Thread#4" [stack: 0x0000009c6ee00000,0x0000009c6ef00000] [id=13116]
  0x000002227268d370 GCTaskThread "GC Thread#5" [stack: 0x0000009c6ef00000,0x0000009c6f000000] [id=25480]
  0x000002227268d620 GCTaskThread "GC Thread#6" [stack: 0x0000009c6f000000,0x0000009c6f100000] [id=7332]
  0x000002227268d8d0 GCTaskThread "GC Thread#7" [stack: 0x0000009c6f100000,0x0000009c6f200000] [id=27784]
  0x0000022252e34f10 ConcurrentGCThread "G1 Main Marker" [stack: 0x0000009c6d700000,0x0000009c6d800000] [id=21528]
  0x0000022252e360c0 ConcurrentGCThread "G1 Conc#0" [stack: 0x0000009c6d800000,0x0000009c6d900000] [id=25268]
  0x0000022272c12b30 ConcurrentGCThread "G1 Conc#1" [stack: 0x0000009c6f500000,0x0000009c6f600000] [id=21424]
  0x0000022270d640c0 ConcurrentGCThread "G1 Refine#0" [stack: 0x0000009c6d900000,0x0000009c6da00000] [id=11332]
  0x0000022270d65900 ConcurrentGCThread "G1 Service" [stack: 0x0000009c6da00000,0x0000009c6db00000] [id=27732]

Threads with active compile tasks:
C2 CompilerThread0  237446395 18961 %     4       org.springframework.core.annotation.MergedAnnotationsCollection::find @ 45 (169 bytes)
C1 CompilerThread0  237446395 18963       3       org.springframework.context.annotation.ConfigurationClassParser::doProcessConfigurationClass (531 bytes)

VM state: at safepoint (normal execution)

VM Mutex/Monitor currently owned by a thread:  ([mutex/lock_event])
[0x0000022252de0e70] Threads_lock - owner thread: 0x0000022270eac520
[0x0000022252ddf9a0] Heap_lock - owner thread: 0x000002227aa7d8c0

Heap address: 0x0000000081400000, size: 2028 MB, Compressed Oops mode: 32-bit

CDS archive(s) mapped at: [0x0000000800000000-0x0000000800bc0000-0x0000000800bc0000), size 12320768, SharedBaseAddress: 0x0000000800000000, ArchiveRelocationMode: 0.
Compressed class space mapped at: 0x0000000800c00000-0x0000000840c00000, reserved size: 1073741824
Narrow klass base: 0x0000000800000000, Narrow klass shift: 0, Narrow klass range: 0x100000000

GC Precious Log:
 CPUs: 8 total, 8 available
 Memory: 8108M
 Large Page Support: Disabled
 NUMA Support: Disabled
 Compressed Oops: Enabled (32-bit)
 Heap Region Size: 1M
 Heap Min Capacity: 8M
 Heap Initial Capacity: 128M
 Heap Max Capacity: 2028M
 Pre-touch: Disabled
 Parallel Workers: 8
 Concurrent Workers: 2
 Concurrent Refinement Workers: 8
 Periodic GC: Disabled

Heap:
 garbage-first heap   total 131072K, used 37551K [0x0000000081400000, 0x0000000100000000)
  region size 1024K, 1 young (1024K), 1 survivors (1024K)
 Metaspace       used 91953K, committed 92864K, reserved 1130496K
  class space    used 11366K, committed 11840K, reserved 1048576K

Heap Regions: E=young(eden), S=young(survivor), O=old, HS=humongous(starts), HC=humongous(continues), CS=collection set, F=free, OA=open archive, CA=closed archive, TAMS=top-at-mark-start (previous, next)
|   0|0x0000000081400000, 0x0000000081500000, 0x0000000081500000|100%|HS|  |TAMS 0x0000000081500000, 0x0000000081400000| Complete 
|   1|0x0000000081500000, 0x0000000081600000, 0x0000000081600000|100%| O|  |TAMS 0x0000000081600000, 0x0000000081500000| Untracked 
|   2|0x0000000081600000, 0x0000000081700000, 0x0000000081700000|100%| O|  |TAMS 0x0000000081700000, 0x0000000081600000| Untracked 
|   3|0x0000000081700000, 0x00000000817ffff8, 0x0000000081800000| 99%| O|  |TAMS 0x00000000817ffff8, 0x0000000081700000| Untracked 
|   4|0x0000000081800000, 0x00000000818f5450, 0x0000000081900000| 95%| O|  |TAMS 0x00000000818f5450, 0x0000000081800000| Untracked 
|   5|0x0000000081900000, 0x0000000081a00000, 0x0000000081a00000|100%| O|  |TAMS 0x0000000081a00000, 0x0000000081900000| Untracked 
|   6|0x0000000081a00000, 0x0000000081b00000, 0x0000000081b00000|100%| O|  |TAMS 0x0000000081b00000, 0x0000000081a00000| Untracked 
|   7|0x0000000081b00000, 0x0000000081bffff8, 0x0000000081c00000| 99%| O|  |TAMS 0x0000000081bffff8, 0x0000000081b00000| Untracked 
|   8|0x0000000081c00000, 0x0000000081d00000, 0x0000000081d00000|100%| O|  |TAMS 0x0000000081d00000, 0x0000000081c00000| Untracked 
|   9|0x0000000081d00000, 0x0000000081dffff8, 0x0000000081e00000| 99%| O|  |TAMS 0x0000000081dffff8, 0x0000000081d00000| Untracked 
|  10|0x0000000081e00000, 0x0000000081efffc0, 0x0000000081f00000| 99%| O|  |TAMS 0x0000000081efffc0, 0x0000000081e00000| Untracked 
|  11|0x0000000081f00000, 0x0000000082000000, 0x0000000082000000|100%| O|  |TAMS 0x0000000082000000, 0x0000000081f00000| Untracked 
|  12|0x0000000082000000, 0x00000000820fffd0, 0x0000000082100000| 99%| O|  |TAMS 0x00000000820fffd0, 0x0000000082000000| Untracked 
|  13|0x0000000082100000, 0x00000000821ffff8, 0x0000000082200000| 99%| O|  |TAMS 0x00000000821ffff8, 0x0000000082100000| Untracked 
|  14|0x0000000082200000, 0x00000000822fffe8, 0x0000000082300000| 99%| O|  |TAMS 0x00000000822fffe8, 0x0000000082200000| Untracked 
|  15|0x0000000082300000, 0x00000000823ffff8, 0x0000000082400000| 99%| O|  |TAMS 0x00000000823ffff8, 0x0000000082300000| Untracked 
|  16|0x0000000082400000, 0x00000000824ffff0, 0x0000000082500000| 99%| O|  |TAMS 0x00000000824ffff0, 0x0000000082400000| Untracked 
|  17|0x0000000082500000, 0x00000000825fffd0, 0x0000000082600000| 99%| O|  |TAMS 0x00000000825fffd0, 0x0000000082500000| Untracked 
|  18|0x0000000082600000, 0x00000000826fffb0, 0x0000000082700000| 99%| O|  |TAMS 0x00000000826fffb0, 0x0000000082600000| Untracked 
|  19|0x0000000082700000, 0x00000000827fffe0, 0x0000000082800000| 99%| O|  |TAMS 0x00000000827fffe0, 0x0000000082700000| Untracked 
|  20|0x0000000082800000, 0x00000000828fffe0, 0x0000000082900000| 99%| O|  |TAMS 0x00000000828fffe0, 0x0000000082800000| Untracked 
|  21|0x0000000082900000, 0x00000000829ffff8, 0x0000000082a00000| 99%| O|  |TAMS 0x00000000829ffff8, 0x0000000082900000| Untracked 
|  22|0x0000000082a00000, 0x0000000082affff8, 0x0000000082b00000| 99%| O|  |TAMS 0x0000000082affff8, 0x0000000082a00000| Untracked 
|  23|0x0000000082b00000, 0x0000000082bfffe8, 0x0000000082c00000| 99%| O|  |TAMS 0x0000000082bfffe8, 0x0000000082b00000| Untracked 
|  24|0x0000000082c00000, 0x0000000082cfd870, 0x0000000082d00000| 99%| O|  |TAMS 0x0000000082cfd870, 0x0000000082c00000| Untracked 
|  25|0x0000000082d00000, 0x0000000082dfffc8, 0x0000000082e00000| 99%| O|  |TAMS 0x0000000082dfffc8, 0x0000000082d00000| Untracked 
|  26|0x0000000082e00000, 0x0000000082e96868, 0x0000000082f00000| 58%| O|  |TAMS 0x0000000082e96868, 0x0000000082e00000| Untracked 
|  27|0x0000000082f00000, 0x0000000082ffffe8, 0x0000000083000000| 99%| O|  |TAMS 0x0000000082ffffe8, 0x0000000082f00000| Untracked 
|  28|0x0000000083000000, 0x00000000830fffa0, 0x0000000083100000| 99%| O|  |TAMS 0x00000000830fffa0, 0x0000000083000000| Untracked 
|  29|0x0000000083100000, 0x0000000083200000, 0x0000000083200000|100%| O|  |TAMS 0x0000000083200000, 0x0000000083100000| Untracked 
|  30|0x0000000083200000, 0x0000000083300000, 0x0000000083300000|100%| O|  |TAMS 0x0000000083300000, 0x0000000083200000| Untracked 
|  31|0x0000000083300000, 0x00000000833e20e0, 0x0000000083400000| 88%| O|  |TAMS 0x00000000833e20e0, 0x0000000083300000| Untracked 
|  32|0x0000000083400000, 0x00000000834d2d08, 0x0000000083500000| 82%| O|  |TAMS 0x00000000834d2d08, 0x0000000083400000| Untracked 
|  33|0x0000000083500000, 0x0000000083600000, 0x0000000083600000|100%| O|  |TAMS 0x0000000083600000, 0x0000000083500000| Untracked 
|  34|0x0000000083600000, 0x0000000083700000, 0x0000000083700000|100%| O|  |TAMS 0x000000008362da00, 0x0000000083600000| Untracked 
|  35|0x0000000083700000, 0x0000000083800000, 0x0000000083800000|100%| O|  |TAMS 0x0000000083800000, 0x0000000083700000| Untracked 
|  36|0x0000000083800000, 0x00000000838b2208, 0x0000000083900000| 69%| O|  |TAMS 0x0000000083800000, 0x0000000083800000| Untracked 
|  37|0x0000000083900000, 0x0000000083900000, 0x0000000083a00000|  0%| F|  |TAMS 0x0000000083900000, 0x0000000083900000| Untracked 
|  38|0x0000000083a00000, 0x0000000083a00000, 0x0000000083b00000|  0%| F|  |TAMS 0x0000000083a00000, 0x0000000083a00000| Untracked 
|  39|0x0000000083b00000, 0x0000000083b00000, 0x0000000083c00000|  0%| F|  |TAMS 0x0000000083b00000, 0x0000000083b00000| Untracked 
|  40|0x0000000083c00000, 0x0000000083c58660, 0x0000000083d00000| 34%| O|  |TAMS 0x0000000083c58660, 0x0000000083c00000| Untracked 
|  41|0x0000000083d00000, 0x0000000083d00000, 0x0000000083e00000|  0%| F|  |TAMS 0x0000000083d00000, 0x0000000083d00000| Untracked 
|  42|0x0000000083e00000, 0x0000000083e00000, 0x0000000083f00000|  0%| F|  |TAMS 0x0000000083e00000, 0x0000000083e00000| Untracked 
|  43|0x0000000083f00000, 0x0000000083f00000, 0x0000000084000000|  0%| F|  |TAMS 0x0000000083f00000, 0x0000000083f00000| Untracked 
|  44|0x0000000084000000, 0x0000000084000000, 0x0000000084100000|  0%| F|  |TAMS 0x0000000084000000, 0x0000000084000000| Untracked 
|  45|0x0000000084100000, 0x0000000084100000, 0x0000000084200000|  0%| F|  |TAMS 0x0000000084100000, 0x0000000084100000| Untracked 
|  46|0x0000000084200000, 0x0000000084200000, 0x0000000084300000|  0%| F|  |TAMS 0x0000000084200000, 0x0000000084200000| Untracked 
|  47|0x0000000084300000, 0x0000000084300000, 0x0000000084400000|  0%| F|  |TAMS 0x0000000084300000, 0x0000000084300000| Untracked 
|  48|0x0000000084400000, 0x0000000084400000, 0x0000000084500000|  0%| F|  |TAMS 0x0000000084400000, 0x0000000084400000| Untracked 
|  49|0x0000000084500000, 0x0000000084500000, 0x0000000084600000|  0%| F|  |TAMS 0x0000000084500000, 0x0000000084500000| Untracked 
|  50|0x0000000084600000, 0x0000000084600000, 0x0000000084700000|  0%| F|  |TAMS 0x0000000084600000, 0x0000000084600000| Untracked 
|  51|0x0000000084700000, 0x0000000084700000, 0x0000000084800000|  0%| F|  |TAMS 0x0000000084700000, 0x0000000084700000| Untracked 
|  52|0x0000000084800000, 0x0000000084800000, 0x0000000084900000|  0%| F|  |TAMS 0x0000000084800000, 0x0000000084800000| Untracked 
|  53|0x0000000084900000, 0x0000000084900000, 0x0000000084a00000|  0%| F|  |TAMS 0x0000000084900000, 0x0000000084900000| Untracked 
|  54|0x0000000084a00000, 0x0000000084a00000, 0x0000000084b00000|  0%| F|  |TAMS 0x0000000084a00000, 0x0000000084a00000| Untracked 
|  55|0x0000000084b00000, 0x0000000084b00000, 0x0000000084c00000|  0%| F|  |TAMS 0x0000000084b00000, 0x0000000084b00000| Untracked 
|  56|0x0000000084c00000, 0x0000000084c00000, 0x0000000084d00000|  0%| F|  |TAMS 0x0000000084c00000, 0x0000000084c00000| Untracked 
|  57|0x0000000084d00000, 0x0000000084d00000, 0x0000000084e00000|  0%| F|  |TAMS 0x0000000084d00000, 0x0000000084d00000| Untracked 
|  58|0x0000000084e00000, 0x0000000084e00000, 0x0000000084f00000|  0%| F|  |TAMS 0x0000000084e00000, 0x0000000084e00000| Untracked 
|  59|0x0000000084f00000, 0x0000000084f00000, 0x0000000085000000|  0%| F|  |TAMS 0x0000000084f00000, 0x0000000084f00000| Untracked 
|  60|0x0000000085000000, 0x0000000085000000, 0x0000000085100000|  0%| F|  |TAMS 0x0000000085000000, 0x0000000085000000| Untracked 
|  61|0x0000000085100000, 0x0000000085100000, 0x0000000085200000|  0%| F|  |TAMS 0x0000000085100000, 0x0000000085100000| Untracked 
|  62|0x0000000085200000, 0x0000000085200000, 0x0000000085300000|  0%| F|  |TAMS 0x0000000085200000, 0x0000000085200000| Untracked 
|  63|0x0000000085300000, 0x0000000085300000, 0x0000000085400000|  0%| F|  |TAMS 0x0000000085300000, 0x0000000085300000| Untracked 
|  64|0x0000000085400000, 0x0000000085400000, 0x0000000085500000|  0%| F|  |TAMS 0x0000000085400000, 0x0000000085400000| Untracked 
|  65|0x0000000085500000, 0x0000000085500000, 0x0000000085600000|  0%| F|  |TAMS 0x0000000085500000, 0x0000000085500000| Untracked 
|  66|0x0000000085600000, 0x0000000085600000, 0x0000000085700000|  0%| F|  |TAMS 0x0000000085600000, 0x0000000085600000| Untracked 
|  67|0x0000000085700000, 0x0000000085700000, 0x0000000085800000|  0%| F|  |TAMS 0x0000000085700000, 0x0000000085700000| Untracked 
|  68|0x0000000085800000, 0x0000000085800000, 0x0000000085900000|  0%| F|  |TAMS 0x0000000085800000, 0x0000000085800000| Untracked 
|  69|0x0000000085900000, 0x0000000085900000, 0x0000000085a00000|  0%| F|  |TAMS 0x0000000085900000, 0x0000000085900000| Untracked 
|  70|0x0000000085a00000, 0x0000000085a00000, 0x0000000085b00000|  0%| F|  |TAMS 0x0000000085a00000, 0x0000000085a00000| Untracked 
|  71|0x0000000085b00000, 0x0000000085b00000, 0x0000000085c00000|  0%| F|  |TAMS 0x0000000085b00000, 0x0000000085b00000| Untracked 
|  72|0x0000000085c00000, 0x0000000085c00000, 0x0000000085d00000|  0%| F|  |TAMS 0x0000000085c00000, 0x0000000085c00000| Untracked 
|  73|0x0000000085d00000, 0x0000000085d00000, 0x0000000085e00000|  0%| F|  |TAMS 0x0000000085d00000, 0x0000000085d00000| Untracked 
|  74|0x0000000085e00000, 0x0000000085e00000, 0x0000000085f00000|  0%| F|  |TAMS 0x0000000085e00000, 0x0000000085e00000| Untracked 
|  75|0x0000000085f00000, 0x0000000085f00000, 0x0000000086000000|  0%| F|  |TAMS 0x0000000085f00000, 0x0000000085f00000| Untracked 
|  76|0x0000000086000000, 0x0000000086000000, 0x0000000086100000|  0%| F|  |TAMS 0x0000000086000000, 0x0000000086000000| Untracked 
|  77|0x0000000086100000, 0x0000000086100000, 0x0000000086200000|  0%| F|  |TAMS 0x0000000086100000, 0x0000000086100000| Untracked 
|  78|0x0000000086200000, 0x0000000086200000, 0x0000000086300000|  0%| F|  |TAMS 0x0000000086200000, 0x0000000086200000| Untracked 
|  79|0x0000000086300000, 0x0000000086300000, 0x0000000086400000|  0%| F|  |TAMS 0x0000000086300000, 0x0000000086300000| Untracked 
|  80|0x0000000086400000, 0x0000000086400000, 0x0000000086500000|  0%| F|  |TAMS 0x0000000086400000, 0x0000000086400000| Untracked 
|  81|0x0000000086500000, 0x0000000086500000, 0x0000000086600000|  0%| F|  |TAMS 0x0000000086500000, 0x0000000086500000| Untracked 
|  82|0x0000000086600000, 0x0000000086600000, 0x0000000086700000|  0%| F|  |TAMS 0x0000000086600000, 0x0000000086600000| Untracked 
|  83|0x0000000086700000, 0x0000000086700000, 0x0000000086800000|  0%| F|  |TAMS 0x0000000086700000, 0x0000000086700000| Untracked 
|  84|0x0000000086800000, 0x0000000086800000, 0x0000000086900000|  0%| F|  |TAMS 0x0000000086800000, 0x0000000086800000| Untracked 
|  85|0x0000000086900000, 0x0000000086900000, 0x0000000086a00000|  0%| F|  |TAMS 0x0000000086900000, 0x0000000086900000| Untracked 
|  86|0x0000000086a00000, 0x0000000086a00000, 0x0000000086b00000|  0%| F|  |TAMS 0x0000000086a00000, 0x0000000086a00000| Untracked 
|  87|0x0000000086b00000, 0x0000000086b00000, 0x0000000086c00000|  0%| F|  |TAMS 0x0000000086b00000, 0x0000000086b00000| Untracked 
|  88|0x0000000086c00000, 0x0000000086c00000, 0x0000000086d00000|  0%| F|  |TAMS 0x0000000086c00000, 0x0000000086c00000| Untracked 
|  89|0x0000000086d00000, 0x0000000086d00000, 0x0000000086e00000|  0%| F|  |TAMS 0x0000000086d00000, 0x0000000086d00000| Untracked 
|  90|0x0000000086e00000, 0x0000000086e00000, 0x0000000086f00000|  0%| F|  |TAMS 0x0000000086e00000, 0x0000000086e00000| Untracked 
|  91|0x0000000086f00000, 0x0000000086f00000, 0x0000000087000000|  0%| F|  |TAMS 0x0000000086f00000, 0x0000000086f00000| Untracked 
|  92|0x0000000087000000, 0x0000000087000000, 0x0000000087100000|  0%| F|  |TAMS 0x0000000087000000, 0x0000000087000000| Untracked 
|  93|0x0000000087100000, 0x0000000087100000, 0x0000000087200000|  0%| F|  |TAMS 0x0000000087100000, 0x0000000087100000| Untracked 
|  94|0x0000000087200000, 0x0000000087200000, 0x0000000087300000|  0%| F|  |TAMS 0x0000000087200000, 0x0000000087200000| Untracked 
|  95|0x0000000087300000, 0x0000000087300000, 0x0000000087400000|  0%| F|  |TAMS 0x0000000087300000, 0x0000000087300000| Untracked 
|  96|0x0000000087400000, 0x0000000087400000, 0x0000000087500000|  0%| F|  |TAMS 0x0000000087400000, 0x0000000087400000| Untracked 
|  97|0x0000000087500000, 0x0000000087500000, 0x0000000087600000|  0%| F|  |TAMS 0x0000000087500000, 0x0000000087500000| Untracked 
|  98|0x0000000087600000, 0x0000000087600000, 0x0000000087700000|  0%| F|  |TAMS 0x0000000087600000, 0x0000000087600000| Untracked 
|  99|0x0000000087700000, 0x0000000087700000, 0x0000000087800000|  0%| F|  |TAMS 0x0000000087700000, 0x0000000087700000| Untracked 
| 100|0x0000000087800000, 0x0000000087800000, 0x0000000087900000|  0%| F|  |TAMS 0x0000000087800000, 0x0000000087800000| Untracked 
| 101|0x0000000087900000, 0x0000000087900000, 0x0000000087a00000|  0%| F|  |TAMS 0x0000000087900000, 0x0000000087900000| Untracked 
| 102|0x0000000087a00000, 0x0000000087a00000, 0x0000000087b00000|  0%| F|  |TAMS 0x0000000087a00000, 0x0000000087a00000| Untracked 
| 103|0x0000000087b00000, 0x0000000087b00000, 0x0000000087c00000|  0%| F|  |TAMS 0x0000000087b00000, 0x0000000087b00000| Untracked 
| 104|0x0000000087c00000, 0x0000000087c00000, 0x0000000087d00000|  0%| F|  |TAMS 0x0000000087c00000, 0x0000000087c00000| Untracked 
| 105|0x0000000087d00000, 0x0000000087d00000, 0x0000000087e00000|  0%| F|  |TAMS 0x0000000087d00000, 0x0000000087d00000| Untracked 
| 106|0x0000000087e00000, 0x0000000087e00000, 0x0000000087f00000|  0%| F|  |TAMS 0x0000000087e00000, 0x0000000087e00000| Untracked 
| 107|0x0000000087f00000, 0x0000000087f00000, 0x0000000088000000|  0%| F|  |TAMS 0x0000000087f00000, 0x0000000087f00000| Untracked 
| 108|0x0000000088000000, 0x0000000088000000, 0x0000000088100000|  0%| F|  |TAMS 0x0000000088000000, 0x0000000088000000| Untracked 
| 109|0x0000000088100000, 0x0000000088100000, 0x0000000088200000|  0%| F|  |TAMS 0x0000000088100000, 0x0000000088100000| Untracked 
| 110|0x0000000088200000, 0x0000000088200000, 0x0000000088300000|  0%| F|  |TAMS 0x0000000088200000, 0x0000000088200000| Untracked 
| 111|0x0000000088300000, 0x0000000088300000, 0x0000000088400000|  0%| F|  |TAMS 0x0000000088300000, 0x0000000088300000| Untracked 
| 112|0x0000000088400000, 0x0000000088400000, 0x0000000088500000|  0%| F|  |TAMS 0x0000000088400000, 0x0000000088400000| Untracked 
| 113|0x0000000088500000, 0x0000000088500000, 0x0000000088600000|  0%| F|  |TAMS 0x0000000088500000, 0x0000000088500000| Untracked 
| 114|0x0000000088600000, 0x0000000088600000, 0x0000000088700000|  0%| F|  |TAMS 0x0000000088600000, 0x0000000088600000| Untracked 
| 115|0x0000000088700000, 0x0000000088700000, 0x0000000088800000|  0%| F|  |TAMS 0x0000000088700000, 0x0000000088700000| Untracked 
| 116|0x0000000088800000, 0x0000000088800000, 0x0000000088900000|  0%| F|  |TAMS 0x0000000088800000, 0x0000000088800000| Untracked 
| 117|0x0000000088900000, 0x0000000088900000, 0x0000000088a00000|  0%| F|  |TAMS 0x0000000088900000, 0x0000000088900000| Untracked 
| 118|0x0000000088a00000, 0x0000000088a00000, 0x0000000088b00000|  0%| F|  |TAMS 0x0000000088a00000, 0x0000000088a00000| Untracked 
| 119|0x0000000088b00000, 0x0000000088b63470, 0x0000000088c00000| 38%| S|CS|TAMS 0x0000000088b00000, 0x0000000088b00000| Complete 
| 120|0x0000000088c00000, 0x0000000088c00000, 0x0000000088d00000|  0%| F|  |TAMS 0x0000000088c00000, 0x0000000088c00000| Untracked 
| 121|0x0000000088d00000, 0x0000000088d00000, 0x0000000088e00000|  0%| F|  |TAMS 0x0000000088d00000, 0x0000000088d00000| Untracked 
| 122|0x0000000088e00000, 0x0000000088e00000, 0x0000000088f00000|  0%| F|  |TAMS 0x0000000088e00000, 0x0000000088e00000| Untracked 
| 123|0x0000000088f00000, 0x0000000088f00000, 0x0000000089000000|  0%| F|  |TAMS 0x0000000088f00000, 0x0000000088f00000| Untracked 
| 124|0x0000000089000000, 0x0000000089000000, 0x0000000089100000|  0%| F|  |TAMS 0x0000000089000000, 0x0000000089000000| Untracked 
| 125|0x0000000089100000, 0x0000000089100000, 0x0000000089200000|  0%| F|  |TAMS 0x0000000089100000, 0x0000000089100000| Untracked 
| 126|0x0000000089200000, 0x0000000089200000, 0x0000000089300000|  0%| F|  |TAMS 0x0000000089200000, 0x0000000089200000| Untracked 
| 127|0x0000000089300000, 0x0000000089300000, 0x0000000089400000|  0%| F|  |TAMS 0x0000000089300000, 0x0000000089300000| Untracked 

Card table byte_map: [0x0000022269d50000,0x000002226a150000] _byte_map_base: 0x0000022269946000

Marking Bits (Prev, Next): (CMBitMap*) 0x0000022252e24860, (CMBitMap*) 0x0000022252e248a0
 Prev Bits: [0x000002226a550000, 0x000002226c500000)
 Next Bits: [0x000002226c500000, 0x000002226e4b0000)

Polling page: 0x00000222525a0000

Metaspace:

Usage:
  Non-class:     78.70 MB used.
      Class:     11.10 MB used.
       Both:     89.80 MB used.

Virtual space:
  Non-class space:       80.00 MB reserved,      79.12 MB ( 99%) committed,  10 nodes.
      Class space:        1.00 GB reserved,      11.56 MB (  1%) committed,  1 nodes.
             Both:        1.08 GB reserved,      90.69 MB (  8%) committed. 

Chunk freelists:
   Non-Class:  644.00 KB
       Class:  370.00 KB
        Both:  1014.00 KB

MaxMetaspaceSize: unlimited
CompressedClassSpaceSize: 1.00 GB
Initial GC threshold: 21.00 MB
Current GC threshold: 151.19 MB
CDS: on
MetaspaceReclaimPolicy: balanced
 - commit_granule_bytes: 65536.
 - commit_granule_words: 8192.
 - virtual_space_node_default_size: 1048576.
 - enlarge_chunks_in_place: 1.
 - new_chunks_are_fully_committed: 0.
 - uncommit_free_chunks: 1.
 - use_allocation_guard: 0.
 - handle_deallocations: 1.


Internal statistics:

num_allocs_failed_limit: 6.
num_arena_births: 1818.
num_arena_deaths: 334.
num_vsnodes_births: 11.
num_vsnodes_deaths: 0.
num_space_committed: 1451.
num_space_uncommitted: 0.
num_chunks_returned_to_freelist: 402.
num_chunks_taken_from_freelist: 5552.
num_chunk_merges: 127.
num_chunk_splits: 3551.
num_chunks_enlarged: 2390.
num_purges: 28.
num_inconsistent_stats: 0.

CodeHeap 'non-profiled nmethods': size=120000Kb used=12970Kb max_used=12970Kb free=107030Kb
 bounds [0x00000222620f0000, 0x0000022262da0000, 0x0000022269620000]
CodeHeap 'profiled nmethods': size=120000Kb used=34032Kb max_used=34032Kb free=85967Kb
 bounds [0x000002225abc0000, 0x000002225cd00000, 0x00000222620f0000]
CodeHeap 'non-nmethods': size=5760Kb used=1478Kb max_used=1638Kb free=4281Kb
 bounds [0x000002225a620000, 0x000002225a890000, 0x000002225abc0000]
 total_blobs=16666 nmethods=15917 adapters=660
 compilation: enabled
              stopped_count=0, restarted_count=0
 full_count=0

Compilation events (20 events):
Event: 237446.093 Thread 0x0000022270ed5030 nmethod 18951 0x000002225ccf3610 code [0x000002225ccf37a0, 0x000002225ccf3958]
Event: 237446.149 Thread 0x0000022270ed5030 18954       3       org.springframework.boot.autoconfigure.condition.OnClassCondition::getMatchOutcome (218 bytes)
Event: 237446.159 Thread 0x0000022270ed5030 nmethod 18954 0x000002225ccf3a10 code [0x000002225ccf4440, 0x000002225ccf9668]
Event: 237446.159 Thread 0x0000022270ed5030 18955       3       org.springframework.context.annotation.ConfigurationClassParser::asSourceClass (41 bytes)
Event: 237446.160 Thread 0x0000022270ed5030 nmethod 18955 0x000002225ccfb690 code [0x000002225ccfb880, 0x000002225ccfbd88]
Event: 237446.199 Thread 0x0000022270ed5030 18956       3       org.springframework.core.io.support.SpringFactoriesLoader$FactoryInstantiator::findPrimaryKotlinConstructor (16 bytes)
Event: 237446.200 Thread 0x0000022270ed5030 nmethod 18956 0x000002225ccfbf90 code [0x000002225ccfc140, 0x000002225ccfc318]
Event: 237446.212 Thread 0x0000022270ed5030 18957       3       org.springframework.core.io.support.SpringFactoriesLoader$FactoryInstantiator::resolveArgs (46 bytes)
Event: 237446.214 Thread 0x0000022270ed5030 nmethod 18957 0x000002225ccfc410 code [0x000002225ccfc700, 0x000002225ccfd8a8]
Event: 237446.244 Thread 0x0000022270ed5030 18958       3       org.springframework.context.annotation.BeanMethod::<init> (7 bytes)
Event: 237446.244 Thread 0x0000022270ed5030 nmethod 18958 0x000002225ccfdf90 code [0x000002225ccfe140, 0x000002225ccfe3b8]
Event: 237446.244 Thread 0x0000022270ed5030 18959       3       org.springframework.context.annotation.ConfigurationMethod::<init> (15 bytes)
Event: 237446.245 Thread 0x0000022270ed5030 nmethod 18959 0x000002225ccfe490 code [0x000002225ccfe640, 0x000002225ccfe858]
Event: 237446.245 Thread 0x0000022270ed5030 18960       3       org.springframework.context.annotation.ConfigurationClass::addBeanMethod (12 bytes)
Event: 237446.245 Thread 0x0000022270ed5030 nmethod 18960 0x000002225ccfe910 code [0x000002225ccfeac0, 0x000002225ccfeca8]
Event: 237446.258 Thread 0x0000022270ed5030 18962       1       org.springframework.context.annotation.ConditionEvaluator$ConditionContextImpl::getEnvironment (5 bytes)
Event: 237446.258 Thread 0x0000022270ed5030 nmethod 18962 0x0000022262d95f10 code [0x0000022262d960a0, 0x0000022262d96178]
Event: 237446.288 Thread 0x0000022270ecb570 nmethod 18934% 0x0000022262d96210 code [0x0000022262d96480, 0x0000022262d997a0]
Event: 237446.288 Thread 0x0000022270ecb570 18961 %     4       org.springframework.core.annotation.MergedAnnotationsCollection::find @ 45 (169 bytes)
Event: 237446.289 Thread 0x0000022270ed5030 18963       3       org.springframework.context.annotation.ConfigurationClassParser::doProcessConfigurationClass (531 bytes)

GC Heap History (20 events):
Event: 236795.525 GC heap after
{Heap after GC invocations=186 (full 0):
 garbage-first heap   total 100352K, used 40230K [0x0000000081400000, 0x0000000100000000)
  region size 1024K, 1 young (1024K), 1 survivors (1024K)
 Metaspace       used 90927K, committed 91840K, reserved 1130496K
  class space    used 11255K, committed 11712K, reserved 1048576K
}
Event: 237019.913 GC heap before
{Heap before GC invocations=186 (full 0):
 garbage-first heap   total 100352K, used 88358K [0x0000000081400000, 0x0000000100000000)
  region size 1024K, 48 young (49152K), 1 survivors (1024K)
 Metaspace       used 90940K, committed 91840K, reserved 1130496K
  class space    used 11255K, committed 11712K, reserved 1048576K
}
Event: 237019.918 GC heap after
{Heap after GC invocations=187 (full 0):
 garbage-first heap   total 100352K, used 40174K [0x0000000081400000, 0x0000000100000000)
  region size 1024K, 1 young (1024K), 1 survivors (1024K)
 Metaspace       used 90940K, committed 91840K, reserved 1130496K
  class space    used 11255K, committed 11712K, reserved 1048576K
}
Event: 237240.475 GC heap before
{Heap before GC invocations=188 (full 0):
 garbage-first heap   total 100352K, used 87278K [0x0000000081400000, 0x0000000100000000)
  region size 1024K, 48 young (49152K), 1 survivors (1024K)
 Metaspace       used 90950K, committed 91840K, reserved 1130496K
  class space    used 11255K, committed 11712K, reserved 1048576K
}
Event: 237240.477 GC heap after
{Heap after GC invocations=189 (full 0):
 garbage-first heap   total 100352K, used 40195K [0x0000000081400000, 0x0000000100000000)
  region size 1024K, 1 young (1024K), 1 survivors (1024K)
 Metaspace       used 90950K, committed 91840K, reserved 1130496K
  class space    used 11255K, committed 11712K, reserved 1048576K
}
Event: 237263.776 GC heap before
{Heap before GC invocations=189 (full 0):
 garbage-first heap   total 100352K, used 43267K [0x0000000081400000, 0x0000000100000000)
  region size 1024K, 4 young (4096K), 1 survivors (1024K)
 Metaspace       used 90950K, committed 91840K, reserved 1130496K
  class space    used 11255K, committed 11712K, reserved 1048576K
}
Event: 237266.539 GC heap after
{Heap after GC invocations=190 (full 0):
 garbage-first heap   total 100352K, used 40007K [0x0000000081400000, 0x0000000100000000)
  region size 1024K, 1 young (1024K), 1 survivors (1024K)
 Metaspace       used 90950K, committed 91840K, reserved 1130496K
  class space    used 11255K, committed 11712K, reserved 1048576K
}
Event: 237288.675 GC heap before
{Heap before GC invocations=190 (full 0):
 garbage-first heap   total 100352K, used 43079K [0x0000000081400000, 0x0000000100000000)
  region size 1024K, 4 young (4096K), 1 survivors (1024K)
 Metaspace       used 90950K, committed 91840K, reserved 1130496K
  class space    used 11255K, committed 11712K, reserved 1048576K
}
Event: 237288.686 GC heap after
{Heap after GC invocations=191 (full 0):
 garbage-first heap   total 100352K, used 40025K [0x0000000081400000, 0x0000000100000000)
  region size 1024K, 1 young (1024K), 1 survivors (1024K)
 Metaspace       used 90950K, committed 91840K, reserved 1130496K
  class space    used 11255K, committed 11712K, reserved 1048576K
}
Event: 237413.519 GC heap before
{Heap before GC invocations=192 (full 0):
 garbage-first heap   total 100352K, used 58457K [0x0000000081400000, 0x0000000100000000)
  region size 1024K, 20 young (20480K), 1 survivors (1024K)
 Metaspace       used 91115K, committed 91968K, reserved 1130496K
  class space    used 11289K, committed 11712K, reserved 1048576K
}
Event: 237415.006 GC heap after
{Heap after GC invocations=193 (full 1):
 garbage-first heap   total 100352K, used 33369K [0x0000000081400000, 0x0000000100000000)
  region size 1024K, 0 young (0K), 0 survivors (0K)
 Metaspace       used 91112K, committed 91968K, reserved 1130496K
  class space    used 11289K, committed 11712K, reserved 1048576K
}
Event: 237445.405 GC heap before
{Heap before GC invocations=193 (full 1):
 garbage-first heap   total 100352K, used 87641K [0x0000000081400000, 0x0000000100000000)
  region size 1024K, 53 young (54272K), 0 survivors (0K)
 Metaspace       used 91653K, committed 92544K, reserved 1130496K
  class space    used 11337K, committed 11776K, reserved 1048576K
}
Event: 237445.429 GC heap after
{Heap after GC invocations=194 (full 1):
 garbage-first heap   total 120832K, used 36150K [0x0000000081400000, 0x0000000100000000)
  region size 1024K, 3 young (3072K), 3 survivors (3072K)
 Metaspace       used 91653K, committed 92544K, reserved 1130496K
  class space    used 11337K, committed 11776K, reserved 1048576K
}
Event: 237445.541 GC heap before
{Heap before GC invocations=194 (full 1):
 garbage-first heap   total 120832K, used 37174K [0x0000000081400000, 0x0000000100000000)
  region size 1024K, 5 young (5120K), 3 survivors (3072K)
 Metaspace       used 91664K, committed 92544K, reserved 1130496K
  class space    used 11337K, committed 11776K, reserved 1048576K
}
Event: 237445.546 GC heap after
{Heap after GC invocations=195 (full 1):
 garbage-first heap   total 120832K, used 36189K [0x0000000081400000, 0x0000000100000000)
  region size 1024K, 1 young (1024K), 1 survivors (1024K)
 Metaspace       used 91664K, committed 92544K, reserved 1130496K
  class space    used 11337K, committed 11776K, reserved 1048576K
}
Event: 237445.764 GC heap before
{Heap before GC invocations=196 (full 1):
 garbage-first heap   total 120832K, used 40285K [0x0000000081400000, 0x0000000100000000)
  region size 1024K, 5 young (5120K), 1 survivors (1024K)
 Metaspace       used 91704K, committed 92608K, reserved 1130496K
  class space    used 11337K, committed 11776K, reserved 1048576K
}
Event: 237445.767 GC heap after
{Heap after GC invocations=197 (full 1):
 garbage-first heap   total 120832K, used 36465K [0x0000000081400000, 0x0000000100000000)
  region size 1024K, 1 young (1024K), 1 survivors (1024K)
 Metaspace       used 91704K, committed 92608K, reserved 1130496K
  class space    used 11337K, committed 11776K, reserved 1048576K
}
Event: 237446.084 GC heap before
{Heap before GC invocations=197 (full 1):
 garbage-first heap   total 120832K, used 40561K [0x0000000081400000, 0x0000000100000000)
  region size 1024K, 5 young (5120K), 1 survivors (1024K)
 Metaspace       used 91772K, committed 92672K, reserved 1130496K
  class space    used 11344K, committed 11776K, reserved 1048576K
}
Event: 237446.088 GC heap after
{Heap after GC invocations=198 (full 1):
 garbage-first heap   total 120832K, used 37173K [0x0000000081400000, 0x0000000100000000)
  region size 1024K, 1 young (1024K), 1 survivors (1024K)
 Metaspace       used 91772K, committed 92672K, reserved 1130496K
  class space    used 11344K, committed 11776K, reserved 1048576K
}
Event: 237446.291 GC heap before
{Heap before GC invocations=199 (full 1):
 garbage-first heap   total 120832K, used 41269K [0x0000000081400000, 0x0000000100000000)
  region size 1024K, 5 young (5120K), 1 survivors (1024K)
 Metaspace       used 91953K, committed 92864K, reserved 1130496K
  class space    used 11366K, committed 11840K, reserved 1048576K
}

Deoptimization events (20 events):
Event: 237446.284 Thread 0x000002227aa7d8c0 DEOPT PACKING pc=0x000002225b156acc sp=0x0000009c6f4fbf30
Event: 237446.284 Thread 0x000002227aa7d8c0 DEOPT UNPACKING pc=0x000002225a672b43 sp=0x0000009c6f4fb4d0 mode 1
Event: 237446.284 Thread 0x000002227aa7d8c0 DEOPT PACKING pc=0x000002225b0cde9c sp=0x0000009c6f4fc090
Event: 237446.284 Thread 0x000002227aa7d8c0 DEOPT UNPACKING pc=0x000002225a672b43 sp=0x0000009c6f4fb650 mode 1
Event: 237446.289 Thread 0x000002227aa7d8c0 DEOPT PACKING pc=0x000002225b0d1e21 sp=0x0000009c6f4fc070
Event: 237446.289 Thread 0x000002227aa7d8c0 DEOPT UNPACKING pc=0x000002225a672b43 sp=0x0000009c6f4fb548 mode 1
Event: 237446.290 Thread 0x000002227aa7d8c0 DEOPT PACKING pc=0x000002225b156acc sp=0x0000009c6f4fc100
Event: 237446.290 Thread 0x000002227aa7d8c0 DEOPT UNPACKING pc=0x000002225a672b43 sp=0x0000009c6f4fb6a0 mode 1
Event: 237446.290 Thread 0x000002227aa7d8c0 DEOPT PACKING pc=0x000002225b0cde9c sp=0x0000009c6f4fc260
Event: 237446.290 Thread 0x000002227aa7d8c0 DEOPT UNPACKING pc=0x000002225a672b43 sp=0x0000009c6f4fb820 mode 1
Event: 237446.290 Thread 0x000002227aa7d8c0 DEOPT PACKING pc=0x00000222622623c8 sp=0x0000009c6f4fb940
Event: 237446.290 Thread 0x000002227aa7d8c0 DEOPT UNPACKING pc=0x000002225a672b43 sp=0x0000009c6f4fadd8 mode 1
Event: 237446.290 Thread 0x000002227aa7d8c0 DEOPT PACKING pc=0x0000022262252cd8 sp=0x0000009c6f4fc300
Event: 237446.290 Thread 0x000002227aa7d8c0 DEOPT UNPACKING pc=0x000002225a672b43 sp=0x0000009c6f4fb790 mode 1
Event: 237446.290 Thread 0x000002227aa7d8c0 DEOPT PACKING pc=0x00000222622623c8 sp=0x0000009c6f4fc410
Event: 237446.290 Thread 0x000002227aa7d8c0 DEOPT UNPACKING pc=0x000002225a672b43 sp=0x0000009c6f4fb8a8 mode 1
Event: 237446.290 Thread 0x000002227aa7d8c0 DEOPT PACKING pc=0x0000022262252cd8 sp=0x0000009c6f4fcdd0
Event: 237446.290 Thread 0x000002227aa7d8c0 DEOPT UNPACKING pc=0x000002225a672b43 sp=0x0000009c6f4fc248 mode 1
Event: 237446.290 Thread 0x000002227aa7d8c0 DEOPT PACKING pc=0x000002225bc61184 sp=0x0000009c6f4fce10
Event: 237446.290 Thread 0x000002227aa7d8c0 DEOPT UNPACKING pc=0x000002225a672b43 sp=0x0000009c6f4fc218 mode 1

Classes unloaded (20 events):
Event: 232429.265 Thread 0x0000022270eac520 Unloading class 0x0000000801778000 'jdk/internal/reflect/GeneratedConstructorAccessor100'
Event: 232429.265 Thread 0x0000022270eac520 Unloading class 0x0000000801772000 'jdk/internal/reflect/GeneratedConstructorAccessor98'
Event: 232429.266 Thread 0x0000022270eac520 Unloading class 0x0000000801725c00 'jdk/internal/reflect/GeneratedConstructorAccessor97'
Event: 232429.266 Thread 0x0000022270eac520 Unloading class 0x0000000801725800 'jdk/internal/reflect/GeneratedMethodAccessor398'
Event: 232429.268 Thread 0x0000022270eac520 Unloading class 0x0000000801726800 'jdk/internal/reflect/GeneratedConstructorAccessor95'
Event: 232429.269 Thread 0x0000022270eac520 Unloading class 0x0000000801524000 'jdk/internal/reflect/GeneratedConstructorAccessor94'
Event: 232429.269 Thread 0x0000022270eac520 Unloading class 0x0000000801727000 'jdk/internal/reflect/GeneratedConstructorAccessor93'
Event: 232429.269 Thread 0x0000022270eac520 Unloading class 0x0000000801771c00 'jdk/internal/reflect/GeneratedConstructorAccessor92'
Event: 232827.877 Thread 0x0000022270eac520 Unloading class 0x000000080177ac00 'java/lang/invoke/LambdaForm$MH+0x000000080177ac00'
Event: 232827.877 Thread 0x0000022270eac520 Unloading class 0x000000080177a800 'java/lang/invoke/LambdaForm$MH+0x000000080177a800'
Event: 232827.877 Thread 0x0000022270eac520 Unloading class 0x000000080177a400 'java/lang/invoke/LambdaForm$MH+0x000000080177a400'
Event: 232827.877 Thread 0x0000022270eac520 Unloading class 0x000000080177a000 'java/lang/invoke/LambdaForm$MH+0x000000080177a000'
Event: 232827.877 Thread 0x0000022270eac520 Unloading class 0x0000000801779c00 'java/lang/invoke/LambdaForm$MH+0x0000000801779c00'
Event: 232827.877 Thread 0x0000022270eac520 Unloading class 0x0000000801779800 'java/lang/invoke/LambdaForm$MH+0x0000000801779800'
Event: 232827.877 Thread 0x0000022270eac520 Unloading class 0x0000000801779400 'java/lang/invoke/LambdaForm$MH+0x0000000801779400'
Event: 232827.877 Thread 0x0000022270eac520 Unloading class 0x0000000801779000 'java/lang/invoke/LambdaForm$MH+0x0000000801779000'
Event: 232827.877 Thread 0x0000022270eac520 Unloading class 0x0000000801778c00 'jdk/internal/reflect/GeneratedConstructorAccessor104'
Event: 234762.428 Thread 0x0000022270eac520 Unloading class 0x0000000801727000 'jdk/internal/reflect/GeneratedConstructorAccessor108'
Event: 237413.736 Thread 0x0000022270eac520 Unloading class 0x0000000801748800 'jdk/internal/reflect/GeneratedMethodAccessor140'
Event: 237446.164 Thread 0x0000022270eac520 Unloading class 0x0000000801791000 'org/apache/catalina/loader/JdbcLeakPrevention'

Classes redefined (0 events):
No events

Internal exceptions (20 events):
Event: 237412.866 Thread 0x00000222726521f0 Implicit null exception at 0x0000022262c82ba7 to 0x0000022262c841d8
Event: 237415.558 Thread 0x0000022277723e80 Exception <a 'sun/nio/fs/WindowsException'{0x00000000893c0fe0}> (0x00000000893c0fe0) 
thrown [t:\workspace\open\src\hotspot\share\prims\jni.cpp, line 516]
Event: 237416.434 Thread 0x0000022277723e80 Implicit null exception at 0x0000022262ccbe30 to 0x0000022262ccbeb9
Event: 237416.786 Thread 0x0000022277723e80 Implicit null exception at 0x00000222626a4800 to 0x00000222626aedf0
Event: 237418.507 Thread 0x0000022277723e80 Exception <a 'java/lang/NoClassDefFoundError'{0x00000000860b37e0}: org/flywaydb/core/Flyway> (0x00000000860b37e0) 
thrown [t:\workspace\open\src\hotspot\share\oops\constantPool.cpp, line 835]
Event: 237418.507 Thread 0x0000022277723e80 Exception <a 'java/lang/NoClassDefFoundError'{0x00000000860b3e30}: liquibase/integration/spring/SpringLiquibase> (0x00000000860b3e30) 
thrown [t:\workspace\open\src\hotspot\share\oops\constantPool.cpp, line 835]
Event: 237418.528 Thread 0x0000022277723e80 Exception <a 'java/lang/NoClassDefFoundError'{0x0000000085f16258}: org/jooq/DSLContext> (0x0000000085f16258) 
thrown [t:\workspace\open\src\hotspot\share\oops\constantPool.cpp, line 835]
Event: 237418.529 Thread 0x0000022277723e80 Exception <a 'java/lang/NoClassDefFoundError'{0x0000000085f1c360}: org/springframework/batch/core/repository/JobRepository> (0x0000000085f1c360) 
thrown [t:\workspace\open\src\hotspot\share\oops\constantPool.cpp, line 835]
Event: 237418.529 Thread 0x0000022277723e80 Exception <a 'java/lang/NoClassDefFoundError'{0x0000000085f1c9a8}: org/quartz/Scheduler> (0x0000000085f1c9a8) 
thrown [t:\workspace\open\src\hotspot\share\oops\constantPool.cpp, line 835]
Event: 237418.530 Thread 0x0000022277723e80 Exception <a 'java/lang/NoClassDefFoundError'{0x0000000085f1d018}: org/springframework/session/jdbc/JdbcIndexedSessionRepository> (0x0000000085f1d018) 
thrown [t:\workspace\open\src\hotspot\share\oops\constantPool.cpp, line 835]
Event: 237420.004 Thread 0x0000022277723e80 Exception <a 'sun/nio/fs/WindowsException'{0x0000000085971f30}> (0x0000000085971f30) 
thrown [t:\workspace\open\src\hotspot\share\prims\jni.cpp, line 516]
Event: 237420.005 Thread 0x0000022277723e80 Exception <a 'sun/nio/fs/WindowsException'{0x0000000085972510}> (0x0000000085972510) 
thrown [t:\workspace\open\src\hotspot\share\prims\jni.cpp, line 516]
Event: 237420.269 Thread 0x0000022277723e80 Exception <a 'sun/nio/fs/WindowsException'{0x0000000085972bb8}> (0x0000000085972bb8) 
thrown [t:\workspace\open\src\hotspot\share\prims\jni.cpp, line 516]
Event: 237421.082 Thread 0x0000022277723e80 Exception <a 'java/io/FileNotFoundException'{0x00000000859b6478}> (0x00000000859b6478) 
thrown [t:\workspace\open\src\hotspot\share\prims\jni.cpp, line 516]
Event: 237421.801 Thread 0x0000022277723e80 Exception <a 'java/io/FileNotFoundException'{0x000000008576cad8}> (0x000000008576cad8) 
thrown [t:\workspace\open\src\hotspot\share\prims\jni.cpp, line 516]
Event: 237427.101 Thread 0x0000022277723e80 Exception <a 'java/lang/NoClassDefFoundError'{0x0000000084ad7708}: com/lcwd/store/repositories/RoleRepository> (0x0000000084ad7708) 
thrown [t:\workspace\open\src\hotspot\share\classfile\systemDictionary.cpp, line 245]
Event: 237428.528 Thread 0x0000022277724350 Exception <a 'java/lang/InterruptedException'{0x00000000848883f8}: sleep interrupted> (0x00000000848883f8) 
thrown [t:\workspace\open\src\hotspot\share\prims\jvm.cpp, line 3067]
Event: 237429.378 Thread 0x0000022277723e80 Exception <a 'java/lang/NoClassDefFoundError'{0x000000008477b7d8}: liquibase/exception/ChangeLogParseException> (0x000000008477b7d8) 
thrown [t:\workspace\open\src\hotspot\share\classfile\systemDictionary.cpp, line 245]
Event: 237429.449 Thread 0x0000022277723e80 Exception <a 'java/lang/reflect/InvocationTargetException'{0x000000008462f908}> (0x000000008462f908) 
thrown [t:\workspace\open\src\hotspot\share\runtime\reflection.cpp, line 1121]
Event: 237445.187 Thread 0x000002227aa7d8c0 Exception <a 'sun/nio/fs/WindowsException'{0x00000000845e1900}> (0x00000000845e1900) 
thrown [t:\workspace\open\src\hotspot\share\prims\jni.cpp, line 516]

VM Operations (20 events):
Event: 237445.434 Executing VM operation: Cleanup done
Event: 237445.506 Executing VM operation: G1Concurrent
Event: 237445.525 Executing VM operation: G1Concurrent done
Event: 237445.541 Executing VM operation: G1CollectForAllocation
Event: 237445.546 Executing VM operation: G1CollectForAllocation done
Event: 237445.561 Executing VM operation: G1Concurrent
Event: 237445.561 Executing VM operation: G1Concurrent done
Event: 237445.763 Executing VM operation: G1CollectForAllocation
Event: 237445.768 Executing VM operation: G1CollectForAllocation done
Event: 237446.084 Executing VM operation: G1CollectForAllocation
Event: 237446.088 Executing VM operation: G1CollectForAllocation done
Event: 237446.090 Executing VM operation: Cleanup
Event: 237446.091 Executing VM operation: Cleanup done
Event: 237446.163 Executing VM operation: G1Concurrent
Event: 237446.199 Executing VM operation: G1Concurrent done
Event: 237446.200 Executing VM operation: Cleanup
Event: 237446.202 Executing VM operation: Cleanup done
Event: 237446.232 Executing VM operation: G1Concurrent
Event: 237446.233 Executing VM operation: G1Concurrent done
Event: 237446.291 Executing VM operation: G1CollectForAllocation

Events (20 events):
Event: 237446.218 loading class com/samskivert/mustache$Template
Event: 237446.218 loading class com/samskivert/mustache$Template done
Event: 237446.219 loading class groovy/text/TemplateEngine
Event: 237446.219 loading class groovy/text/TemplateEngine done
Event: 237446.225 loading class groovy/text$TemplateEngine
Event: 237446.225 loading class groovy/text$TemplateEngine done
Event: 237446.225 loading class org/thymeleaf/spring6/SpringTemplateEngine
Event: 237446.225 loading class org/thymeleaf/spring6/SpringTemplateEngine done
Event: 237446.227 loading class org/thymeleaf/spring6$SpringTemplateEngine
Event: 237446.227 loading class org/thymeleaf/spring6$SpringTemplateEngine done
Event: 237446.228 loading class org/apache/jasper/compiler/JspConfig
Event: 237446.228 loading class org/apache/jasper/compiler/JspConfig done
Event: 237446.228 loading class org/apache/jasper/compiler$JspConfig
Event: 237446.228 loading class org/apache/jasper/compiler$JspConfig done
Event: 237446.246 loading class org/webjars/WebJarAssetLocator
Event: 237446.246 loading class org/webjars/WebJarAssetLocator done
Event: 237446.247 loading class org/webjars$WebJarAssetLocator
Event: 237446.247 loading class org/webjars$WebJarAssetLocator done
Event: 237446.290 loading class org/apache/tomcat/jdbc/pool/DataSource
Event: 237446.290 loading class org/apache/tomcat/jdbc/pool/DataSource done


Dynamic libraries:
0x00007ff782bc0000 - 0x00007ff782bd0000 	C:\Program Files\Java\jdk-17.0.2\bin\java.exe
0x00007ffc22c30000 - 0x00007ffc22e47000 	C:\WINDOWS\SYSTEM32\ntdll.dll
0x00007ffc20d10000 - 0x00007ffc20dd4000 	C:\WINDOWS\System32\KERNEL32.DLL
0x00007ffc20480000 - 0x00007ffc20826000 	C:\WINDOWS\System32\KERNELBASE.dll
0x00007ffc20830000 - 0x00007ffc20941000 	C:\WINDOWS\System32\ucrtbase.dll
0x00007ffc15020000 - 0x00007ffc15038000 	C:\Program Files\Java\jdk-17.0.2\bin\jli.dll
0x00007ffc1a180000 - 0x00007ffc1a19a000 	C:\Program Files\Java\jdk-17.0.2\bin\VCRUNTIME140.dll
0x00007ffc21d30000 - 0x00007ffc21de3000 	C:\WINDOWS\System32\ADVAPI32.dll
0x00007ffc20c60000 - 0x00007ffc20d07000 	C:\WINDOWS\System32\msvcrt.dll
0x00007ffc209c0000 - 0x00007ffc20a68000 	C:\WINDOWS\System32\sechost.dll
0x00007ffc20950000 - 0x00007ffc20978000 	C:\WINDOWS\System32\bcrypt.dll
0x00007ffc210a0000 - 0x00007ffc211b7000 	C:\WINDOWS\System32\RPCRT4.dll
0x00007ffc21e70000 - 0x00007ffc2201e000 	C:\WINDOWS\System32\USER32.dll
0x00007ffc20260000 - 0x00007ffc20286000 	C:\WINDOWS\System32\win32u.dll
0x00007ffc04e20000 - 0x00007ffc050b3000 	C:\WINDOWS\WinSxS\amd64_microsoft.windows.common-controls_6595b64144ccf1df_6.0.22621.2506_none_270c5ae97388e100\COMCTL32.dll
0x00007ffc218e0000 - 0x00007ffc21909000 	C:\WINDOWS\System32\GDI32.dll
0x00007ffc200a0000 - 0x00007ffc201b8000 	C:\WINDOWS\System32\gdi32full.dll
0x00007ffc201c0000 - 0x00007ffc2025a000 	C:\WINDOWS\System32\msvcp_win.dll
0x00007ffc175e0000 - 0x00007ffc175ea000 	C:\WINDOWS\SYSTEM32\VERSION.dll
0x00007ffc20980000 - 0x00007ffc209b1000 	C:\WINDOWS\System32\IMM32.DLL
0x00007ffc1a920000 - 0x00007ffc1a92c000 	C:\Program Files\Java\jdk-17.0.2\bin\vcruntime140_1.dll
0x00007ffc04af0000 - 0x00007ffc04b7d000 	C:\Program Files\Java\jdk-17.0.2\bin\msvcp140.dll
0x00007ffb9e680000 - 0x00007ffb9f241000 	C:\Program Files\Java\jdk-17.0.2\bin\server\jvm.dll
0x00007ffc20e40000 - 0x00007ffc20e48000 	C:\WINDOWS\System32\PSAPI.DLL
0x00007ffc09870000 - 0x00007ffc09879000 	C:\WINDOWS\SYSTEM32\WSOCK32.dll
0x00007ffc1a080000 - 0x00007ffc1a0b4000 	C:\WINDOWS\SYSTEM32\WINMM.dll
0x00007ffc21df0000 - 0x00007ffc21e61000 	C:\WINDOWS\System32\WS2_32.dll
0x00007ffc1f000000 - 0x00007ffc1f018000 	C:\WINDOWS\SYSTEM32\kernel.appcore.dll
0x00007ffc1a7e0000 - 0x00007ffc1a7ea000 	C:\Program Files\Java\jdk-17.0.2\bin\jimage.dll
0x00007ffc15e60000 - 0x00007ffc16093000 	C:\WINDOWS\SYSTEM32\DBGHELP.DLL
0x00007ffc219a0000 - 0x00007ffc21d29000 	C:\WINDOWS\System32\combase.dll
0x00007ffc211d0000 - 0x00007ffc212a7000 	C:\WINDOWS\System32\OLEAUT32.dll
0x00007ffc16e20000 - 0x00007ffc16e52000 	C:\WINDOWS\SYSTEM32\dbgcore.DLL
0x00007ffc20290000 - 0x00007ffc2030a000 	C:\WINDOWS\System32\bcryptPrimitives.dll
0x00007ffc0ecc0000 - 0x00007ffc0ecfb000 	C:\Program Files\Java\jdk-17.0.2\bin\jdwp.dll
0x00007ffc14e40000 - 0x00007ffc14e4e000 	C:\Program Files\Java\jdk-17.0.2\bin\instrument.dll
0x00007ffc14cb0000 - 0x00007ffc14cd5000 	C:\Program Files\Java\jdk-17.0.2\bin\java.dll
0x00007ffc14b50000 - 0x00007ffc14b68000 	C:\Program Files\Java\jdk-17.0.2\bin\zip.dll
0x00007ffbefda0000 - 0x00007ffbefe76000 	C:\Program Files\Java\jdk-17.0.2\bin\jsvml.dll
0x00007ffc220f0000 - 0x00007ffc2294b000 	C:\WINDOWS\System32\SHELL32.dll
0x00007ffc1de90000 - 0x00007ffc1e786000 	C:\WINDOWS\SYSTEM32\windows.storage.dll
0x00007ffc1dd50000 - 0x00007ffc1de8e000 	C:\WINDOWS\SYSTEM32\wintypes.dll
0x00007ffc212b0000 - 0x00007ffc213a3000 	C:\WINDOWS\System32\SHCORE.dll
0x00007ffc22030000 - 0x00007ffc2208e000 	C:\WINDOWS\System32\shlwapi.dll
0x00007ffc1fea0000 - 0x00007ffc1fec6000 	C:\WINDOWS\SYSTEM32\profapi.dll
0x00007ffc10c00000 - 0x00007ffc10c0c000 	C:\Program Files\Java\jdk-17.0.2\bin\dt_socket.dll
0x00007ffc1ea60000 - 0x00007ffc1ea8d000 	C:\WINDOWS\SYSTEM32\IPHLPAPI.DLL
0x00007ffc1f4e0000 - 0x00007ffc1f549000 	C:\WINDOWS\system32\mswsock.dll
0x00007ffc14f80000 - 0x00007ffc14f99000 	C:\Program Files\Java\jdk-17.0.2\bin\net.dll
0x00007ffc1a310000 - 0x00007ffc1a447000 	C:\WINDOWS\SYSTEM32\WINHTTP.dll
0x00007ffc14ef0000 - 0x00007ffc14f06000 	C:\Program Files\Java\jdk-17.0.2\bin\nio.dll
0x00007ffc10bf0000 - 0x00007ffc10bf9000 	C:\Program Files\Java\jdk-17.0.2\bin\management.dll
0x00007ffc0eb00000 - 0x00007ffc0eb0b000 	C:\Program Files\Java\jdk-17.0.2\bin\management_ext.dll
0x00007ffc14ae0000 - 0x00007ffc14af0000 	C:\Program Files\Java\jdk-17.0.2\bin\verify.dll
0x00007ffc1f770000 - 0x00007ffc1f78b000 	C:\WINDOWS\SYSTEM32\CRYPTSP.dll
0x00007ffc1efc0000 - 0x00007ffc1eff5000 	C:\WINDOWS\system32\rsaenh.dll
0x00007ffc1f5f0000 - 0x00007ffc1f61c000 	C:\WINDOWS\SYSTEM32\USERENV.dll
0x00007ffc1f790000 - 0x00007ffc1f79c000 	C:\WINDOWS\SYSTEM32\CRYPTBASE.dll
0x00007ffc211c0000 - 0x00007ffc211c9000 	C:\WINDOWS\System32\NSI.dll
0x00007ffc1a4a0000 - 0x00007ffc1a4b9000 	C:\WINDOWS\SYSTEM32\dhcpcsvc6.DLL
0x00007ffc1a2b0000 - 0x00007ffc1a2cf000 	C:\WINDOWS\SYSTEM32\dhcpcsvc.DLL
0x00007ffc1ead0000 - 0x00007ffc1ebc9000 	C:\WINDOWS\SYSTEM32\DNSAPI.dll
0x00007ffc0e030000 - 0x00007ffc0e03e000 	C:\Program Files\Java\jdk-17.0.2\bin\sunmscapi.dll
0x00007ffc20310000 - 0x00007ffc20476000 	C:\WINDOWS\System32\CRYPT32.dll
0x00007ffc1f930000 - 0x00007ffc1f95e000 	C:\WINDOWS\SYSTEM32\ncrypt.dll
0x00007ffc1f8f0000 - 0x00007ffc1f927000 	C:\WINDOWS\SYSTEM32\NTASN1.dll
0x00007ffc10370000 - 0x00007ffc1037a000 	C:\Windows\System32\rasadhlp.dll
0x00007ffc19980000 - 0x00007ffc19a03000 	C:\WINDOWS\System32\fwpuclnt.dll
0x00007ffc1a210000 - 0x00007ffc1a218000 	C:\WINDOWS\system32\wshunix.dll

dbghelp: loaded successfully - version: 4.0.5 - missing functions: none
symbol engine: initialized successfully - sym options: 0x614 - pdb path: .;C:\Program Files\Java\jdk-17.0.2\bin;C:\WINDOWS\SYSTEM32;C:\WINDOWS\WinSxS\amd64_microsoft.windows.common-controls_6595b64144ccf1df_6.0.22621.2506_none_270c5ae97388e100;C:\Program Files\Java\jdk-17.0.2\bin\server

VM Arguments:
jvm_args: -agentlib:jdwp=transport=dt_socket,address=127.0.0.1:59636,suspend=y,server=n -javaagent:C:\Users\HP\AppData\Local\JetBrains\IdeaIC2023.1\captureAgent\debugger-agent.jar -Dfile.encoding=UTF-8 
java_command: com.lcwd.store.ElectroStoreApplication
java_class_path (initial): C:\Users\HP\KunalGargStoreBackend\target\classes;C:\Users\HP\.m2\repository\org\springframework\boot\spring-boot-starter-data-jpa\3.0.7\spring-boot-starter-data-jpa-3.0.7.jar;C:\Users\HP\.m2\repository\org\springframework\boot\spring-boot-starter-aop\3.0.7\spring-boot-starter-aop-3.0.7.jar;C:\Users\HP\.m2\repository\org\aspectj\aspectjweaver\1.9.19\aspectjweaver-1.9.19.jar;C:\Users\HP\.m2\repository\org\springframework\boot\spring-boot-starter-jdbc\3.0.7\spring-boot-starter-jdbc-3.0.7.jar;C:\Users\HP\.m2\repository\com\zaxxer\HikariCP\5.0.1\HikariCP-5.0.1.jar;C:\Users\HP\.m2\repository\org\springframework\spring-jdbc\6.0.9\spring-jdbc-6.0.9.jar;C:\Users\HP\.m2\repository\org\hibernate\orm\hibernate-core\6.1.7.Final\hibernate-core-6.1.7.Final.jar;C:\Users\HP\.m2\repository\jakarta\persistence\jakarta.persistence-api\3.1.0\jakarta.persistence-api-3.1.0.jar;C:\Users\HP\.m2\repository\jakarta\transaction\jakarta.transaction-api\2.0.1\jakarta.transaction-api-2.0.1.jar;C:\Users\HP\.m2\repository\org\jboss\logging\jboss-logging\3.5.0.Final\jboss-logging-3.5.0.Final.jar;C:\Users\HP\.m2\repository\org\hibernate\common\hibernate-commons-annotations\6.0.6.Final\hibernate-commons-annotations-6.0.6.Final.jar;C:\Users\HP\.m2\repository\org\jboss\jandex\2.4.2.Final\jandex-2.4.2.Final.jar;C:\Users\HP\.m2\repository\com\fasterxml\classmate\1.5.1\classmate-1.5.1.jar;C:\Users\HP\.m2\repository\net\bytebuddy\byte-buddy\1.12.23\byte-buddy-1.12.23.jar;C:\Users\HP\.m2\repository\org\glassfish\jaxb\jaxb-runtime\4.0.2\jaxb-runtime-4.0.2.jar;C:\Users\HP\.m2\repository\org\glassfish\jaxb\jaxb-core\4.0.2\jaxb-core-4.0.2.jar;C:\Users\HP\.m2\repository\org\eclipse\angus\angus-activation\2.0.0\angus-activation-2.0.0.jar;C:\Users\HP\.m2\repository\org\glassfish\jaxb\txw2\4.0.2\txw2-4.0.2.jar;C:\Users\HP\.m2\repository\com\sun\istack\istack-commons-runtime\4.1.1\istack-commons-runtime-4.1.1.jar;C:\Users\HP\.m2\repository\jakarta\inject\jakarta.inject-api\2.0.0\jakarta.i
Launcher Type: SUN_STANDARD

[Global flags]
     intx CICompilerCount                          = 4                                         {product} {ergonomic}
     uint ConcGCThreads                            = 2                                         {product} {ergonomic}
     uint G1ConcRefinementThreads                  = 8                                         {product} {ergonomic}
   size_t G1HeapRegionSize                         = 1048576                                   {product} {ergonomic}
    uintx GCDrainStackTargetSize                   = 64                                        {product} {ergonomic}
   size_t InitialHeapSize                          = 134217728                                 {product} {ergonomic}
   size_t MarkStackSize                            = 4194304                                   {product} {ergonomic}
   size_t MaxHeapSize                              = 2126512128                                {product} {ergonomic}
   size_t MaxNewSize                               = 1275068416                                {product} {ergonomic}
   size_t MinHeapDeltaBytes                        = 1048576                                   {product} {ergonomic}
   size_t MinHeapSize                              = 8388608                                   {product} {ergonomic}
    uintx NonNMethodCodeHeapSize                   = 5839372                                {pd product} {ergonomic}
    uintx NonProfiledCodeHeapSize                  = 122909434                              {pd product} {ergonomic}
    uintx ProfiledCodeHeapSize                     = 122909434                              {pd product} {ergonomic}
    uintx ReservedCodeCacheSize                    = 251658240                              {pd product} {ergonomic}
     bool SegmentedCodeCache                       = true                                      {product} {ergonomic}
   size_t SoftMaxHeapSize                          = 2126512128                             {manageable} {ergonomic}
     bool UseCompressedClassPointers               = true                           {product lp64_product} {ergonomic}
     bool UseCompressedOops                        = true                           {product lp64_product} {ergonomic}
     bool UseG1GC                                  = true                                      {product} {ergonomic}
     bool UseLargePagesIndividualAllocation        = false                                  {pd product} {ergonomic}

Logging:
Log output configuration:
 #0: stdout all=warning uptime,level,tags
 #1: stderr all=off uptime,level,tags

Environment Variables:
PATH=C:\Program Files\Python311\Scripts\;C:\Program Files\Python311\;C:\Program Files\Java\jdk-17.0.2\bin;C:\WINDOWS\system32;C:\WINDOWS;C:\WINDOWS\System32\Wbem;C:\WINDOWS\System32\WindowsPowerShell\v1.0\;C:\WINDOWS\System32\OpenSSH\;C:\Program Files\nodejs\;C:\Program Files\apache-maven-3.8.6-bin\apache-maven-3.8.6\bin;C:\Program Files\Docker\Docker\resources\bin;C:\Program Files\Git\cmd;C:\Program Files\Wondershare\Wondershare DemoCreator;C:\Users\HP\AppData\Local\Microsoft\WindowsApps;C:\Users\HP\AppData\Local\Programs\Microsoft VS Code\bin;C:\Users\HP\AppData\Roaming\npm;C:\Program Files\MongoDB\Server\5.0\bin;;C:\Program Files\JetBrains\IntelliJ IDEA 2022.3.2\bin;;C:\Program Files\JetBrains\IntelliJ IDEA Educational Edition 2022.2.2\bin;;C:\Program Files\JetBrains\IntelliJ IDEA Community Edition 2023.1.1\bin;
USERNAME=HP
OS=Windows_NT
PROCESSOR_IDENTIFIER=Intel64 Family 6 Model 142 Stepping 10, GenuineIntel



---------------  S Y S T E M  ---------------

OS:
 Windows 11 , 64 bit Build 22621 (10.0.22621.3085)
OS uptime: 31 days 14:05 hours
Hyper-V role detected

CPU: total 8 (initial active 8) (4 cores per cpu, 2 threads per core) family 6 model 142 stepping 10 microcode 0xe0, cx8, cmov, fxsr, ht, mmx, 3dnowpref, sse, sse2, sse3, ssse3, sse4.1, sse4.2, popcnt, lzcnt, tsc, tscinvbit, avx, avx2, aes, erms, clmul, bmi1, bmi2, adx, fma, vzeroupper, clflush, clflushopt, hv

Memory: 4k page, system-wide physical 8108M (291M free)
TotalPageFile size 32684M (AvailPageFile size 48M)
current process WorkingSet (physical memory assigned to process): 339M, peak: 364M
current process commit charge ("private bytes"): 443M, peak: 511M

vm_info: Java HotSpot(TM) 64-Bit Server VM (17.0.2+8-LTS-86) for windows-amd64 JRE (17.0.2+8-LTS-86), built on Dec  7 2021 21:51:03 by "mach5one" with MS VC++ 16.8 / 16.9 (VS2019)

END.
